C:\USERS\ADMIN\DESKTOP\EVIL INC\BUILD\BIN\MINI.LIB
C:\USERS\ADMIN\DESKTOP\EVIL INC\BUILD\BIN\XEXUTILS.LIB
C:\Users\Admin\Desktop\Evil Inc\build\obj\cl.command.1.tlog
C:\Users\Admin\Desktop\Evil Inc\build\obj\CL.read.1.tlog
C:\Users\Admin\Desktop\Evil Inc\build\obj\CL.write.1.tlog
C:\Users\Admin\Desktop\Evil Inc\build\obj\lib.command.1.tlog
C:\Users\Admin\Desktop\Evil Inc\build\obj\Lib-link.read.1.tlog
C:\Users\Admin\Desktop\Evil Inc\build\obj\Lib-link.write.1.tlog
C:\USERS\ADMIN\DESKTOP\EVIL INC\BUILD\OBJ\MINI\MINI.OBJ
C:\USERS\ADMIN\DESKTOP\EVIL INC\BUILD\OBJ\VC100.PDB
C:\USERS\ADMIN\DESKTOP\EVIL INC\BUILD\OBJ\XEXUTILS\SRC\DASHLAUNCH.OBJ
C:\USERS\ADMIN\DESKTOP\EVIL INC\BUILD\OBJ\XEXUTILS\SRC\DETOUR.OBJ
C:\USERS\ADMIN\DESKTOP\EVIL INC\BUILD\OBJ\XEXUTILS\SRC\FORMATTER.OBJ
C:\USERS\ADMIN\DESKTOP\EVIL INC\BUILD\OBJ\XEXUTILS\SRC\INPUT.OBJ
C:\USERS\ADMIN\DESKTOP\EVIL INC\BUILD\OBJ\XEXUTILS\SRC\LOG.OBJ
C:\USERS\ADMIN\DESKTOP\EVIL INC\BUILD\OBJ\XEXUTILS\SRC\MATH_.OBJ
C:\USERS\ADMIN\DESKTOP\EVIL INC\BUILD\OBJ\XEXUTILS\SRC\MEMORY.OBJ
C:\USERS\ADMIN\DESKTOP\EVIL INC\BUILD\OBJ\XEXUTILS\SRC\PCH.OBJ
C:\USERS\ADMIN\DESKTOP\EVIL INC\BUILD\OBJ\XEXUTILS\SRC\SMC.OBJ
C:\USERS\ADMIN\DESKTOP\EVIL INC\BUILD\OBJ\XEXUTILS\SRC\SOCKET.OBJ
C:\USERS\ADMIN\DESKTOP\EVIL INC\BUILD\OBJ\XEXUTILS\SRC\VEC2.OBJ
C:\USERS\ADMIN\DESKTOP\EVIL INC\BUILD\OBJ\XEXUTILS\SRC\VEC3.OBJ
C:\USERS\ADMIN\DESKTOP\EVIL INC\BUILD\OBJ\XEXUTILS\SRC\VEC4.OBJ
C:\USERS\ADMIN\DESKTOP\EVIL INC\BUILD\OBJ\XEXUTILS\SRC\XAM_.OBJ
C:\USERS\ADMIN\DESKTOP\EVIL INC\BUILD\OBJ\XEXUTILS\XEXUTILS.PCH
